The system is: Darwin - 15.6.0 - x86_64
Compiling the C compiler identification source file "CMakeCCompilerId.c" succeeded.
Compiler: /Applications/Xcode.app/Contents/Developer/Toolchains/XcodeDefault.xctoolchain/usr/bin/cc 
Build flags: 
Id flags: 

The output was:
0


Compilation of the C compiler identification source "CMakeCCompilerId.c" produced "a.out"

The C compiler identification is AppleClang, found in "/Volumes/BNSWORKS/cloudedhazelnut/Dropbox/CLOUDEDHAZELNUT/Dev/node-link/build/CMakeFiles/3.3.1/CompilerIdC/a.out"

Compiling the CXX compiler identification source file "CMakeCXXCompilerId.cpp" succeeded.
Compiler: /Applications/Xcode.app/Contents/Developer/Toolchains/XcodeDefault.xctoolchain/usr/bin/c++ 
Build flags: -std=c++11;-D_DARWIN_USE_64_BIT_INODE=1;-D_LARGEFILE_SOURCE;-D_FILE_OFFSET_BITS=64;-DBUILDING_NODE_EXTENSION;-w
Id flags: 

The output was:
0


Compilation of the CXX compiler identification source "CMakeCXXCompilerId.cpp" produced "a.out"

The CXX compiler identification is AppleClang, found in "/Volumes/BNSWORKS/cloudedhazelnut/Dropbox/CLOUDEDHAZELNUT/Dev/node-link/build/CMakeFiles/3.3.1/CompilerIdCXX/a.out"

Determining if the C compiler works passed with the following output:
Change Dir: /Volumes/BNSWORKS/cloudedhazelnut/Dropbox/CLOUDEDHAZELNUT/Dev/node-link/build/CMakeFiles/CMakeTmp

Run Build Command:"/usr/bin/make" "cmTC_13270/fast"
/Applications/Xcode.app/Contents/Developer/usr/bin/make -f CMakeFiles/cmTC_13270.dir/build.make CMakeFiles/cmTC_13270.dir/build
Building C object CMakeFiles/cmTC_13270.dir/testCCompiler.c.o
/Applications/Xcode.app/Contents/Developer/Toolchains/XcodeDefault.xctoolchain/usr/bin/cc    -o CMakeFiles/cmTC_13270.dir/testCCompiler.c.o   -c /Volumes/BNSWORKS/cloudedhazelnut/Dropbox/CLOUDEDHAZELNUT/Dev/node-link/build/CMakeFiles/CMakeTmp/testCCompiler.c
Linking C executable cmTC_13270
/Volumes/BNSWORKS/cloudedhazelnut/anaconda3/bin/cmake -E cmake_link_script CMakeFiles/cmTC_13270.dir/link.txt --verbose=1
/Applications/Xcode.app/Contents/Developer/Toolchains/XcodeDefault.xctoolchain/usr/bin/cc    -Wl,-search_paths_first -Wl,-headerpad_max_install_names   CMakeFiles/cmTC_13270.dir/testCCompiler.c.o  -o cmTC_13270  


Detecting C compiler ABI info compiled with the following output:
Change Dir: /Volumes/BNSWORKS/cloudedhazelnut/Dropbox/CLOUDEDHAZELNUT/Dev/node-link/build/CMakeFiles/CMakeTmp

Run Build Command:"/usr/bin/make" "cmTC_e53cd/fast"
/Applications/Xcode.app/Contents/Developer/usr/bin/make -f CMakeFiles/cmTC_e53cd.dir/build.make CMakeFiles/cmTC_e53cd.dir/build
Building C object CMakeFiles/cmTC_e53cd.dir/CMakeCCompilerABI.c.o
/Applications/Xcode.app/Contents/Developer/Toolchains/XcodeDefault.xctoolchain/usr/bin/cc    -o CMakeFiles/cmTC_e53cd.dir/CMakeCCompilerABI.c.o   -c /Volumes/BNSWORKS/cloudedhazelnut/anaconda3/share/cmake-3.3/Modules/CMakeCCompilerABI.c
Linking C executable cmTC_e53cd
/Volumes/BNSWORKS/cloudedhazelnut/anaconda3/bin/cmake -E cmake_link_script CMakeFiles/cmTC_e53cd.dir/link.txt --verbose=1
/Applications/Xcode.app/Contents/Developer/Toolchains/XcodeDefault.xctoolchain/usr/bin/cc    -Wl,-search_paths_first -Wl,-headerpad_max_install_names  -v -Wl,-v CMakeFiles/cmTC_e53cd.dir/CMakeCCompilerABI.c.o  -o cmTC_e53cd   
Apple LLVM version 7.3.0 (clang-703.0.29)
Target: x86_64-apple-darwin15.6.0
Thread model: posix
InstalledDir: /Applications/Xcode.app/Contents/Developer/Toolchains/XcodeDefault.xctoolchain/usr/bin
 "/Applications/Xcode.app/Contents/Developer/Toolchains/XcodeDefault.xctoolchain/usr/bin/ld" -demangle -dynamic -arch x86_64 -macosx_version_min 10.11.0 -o cmTC_e53cd -search_paths_first -headerpad_max_install_names -v CMakeFiles/cmTC_e53cd.dir/CMakeCCompilerABI.c.o -lSystem /Applications/Xcode.app/Contents/Developer/Toolchains/XcodeDefault.xctoolchain/usr/bin/../lib/clang/7.3.0/lib/darwin/libclang_rt.osx.a
@(#)PROGRAM:ld  PROJECT:ld64-264.3.101
configured to support archs: armv6 armv7 armv7s arm64 i386 x86_64 x86_64h armv6m armv7k armv7m armv7em (tvOS)
Library search paths:
	/usr/lib
	/usr/local/lib
Framework search paths:
	/Library/Frameworks/
	/System/Library/Frameworks/


Parsed C implicit link information from above output:
  link line regex: [^( *|.*[/\])(ld|([^/\]+-)?ld|collect2)[^/\]*( |$)]
  ignore line: [Change Dir: /Volumes/BNSWORKS/cloudedhazelnut/Dropbox/CLOUDEDHAZELNUT/Dev/node-link/build/CMakeFiles/CMakeTmp]
  ignore line: []
  ignore line: [Run Build Command:"/usr/bin/make" "cmTC_e53cd/fast"]
  ignore line: [/Applications/Xcode.app/Contents/Developer/usr/bin/make -f CMakeFiles/cmTC_e53cd.dir/build.make CMakeFiles/cmTC_e53cd.dir/build]
  ignore line: [Building C object CMakeFiles/cmTC_e53cd.dir/CMakeCCompilerABI.c.o]
  ignore line: [/Applications/Xcode.app/Contents/Developer/Toolchains/XcodeDefault.xctoolchain/usr/bin/cc    -o CMakeFiles/cmTC_e53cd.dir/CMakeCCompilerABI.c.o   -c /Volumes/BNSWORKS/cloudedhazelnut/anaconda3/share/cmake-3.3/Modules/CMakeCCompilerABI.c]
  ignore line: [Linking C executable cmTC_e53cd]
  ignore line: [/Volumes/BNSWORKS/cloudedhazelnut/anaconda3/bin/cmake -E cmake_link_script CMakeFiles/cmTC_e53cd.dir/link.txt --verbose=1]
  ignore line: [/Applications/Xcode.app/Contents/Developer/Toolchains/XcodeDefault.xctoolchain/usr/bin/cc    -Wl,-search_paths_first -Wl,-headerpad_max_install_names  -v -Wl,-v CMakeFiles/cmTC_e53cd.dir/CMakeCCompilerABI.c.o  -o cmTC_e53cd   ]
  ignore line: [Apple LLVM version 7.3.0 (clang-703.0.29)]
  ignore line: [Target: x86_64-apple-darwin15.6.0]
  ignore line: [Thread model: posix]
  ignore line: [InstalledDir: /Applications/Xcode.app/Contents/Developer/Toolchains/XcodeDefault.xctoolchain/usr/bin]
  link line: [ "/Applications/Xcode.app/Contents/Developer/Toolchains/XcodeDefault.xctoolchain/usr/bin/ld" -demangle -dynamic -arch x86_64 -macosx_version_min 10.11.0 -o cmTC_e53cd -search_paths_first -headerpad_max_install_names -v CMakeFiles/cmTC_e53cd.dir/CMakeCCompilerABI.c.o -lSystem /Applications/Xcode.app/Contents/Developer/Toolchains/XcodeDefault.xctoolchain/usr/bin/../lib/clang/7.3.0/lib/darwin/libclang_rt.osx.a]
    arg [/Applications/Xcode.app/Contents/Developer/Toolchains/XcodeDefault.xctoolchain/usr/bin/ld] ==> ignore
    arg [-demangle] ==> ignore
    arg [-dynamic] ==> ignore
    arg [-arch] ==> ignore
    arg [x86_64] ==> ignore
    arg [-macosx_version_min] ==> ignore
    arg [10.11.0] ==> ignore
    arg [-o] ==> ignore
    arg [cmTC_e53cd] ==> ignore
    arg [-search_paths_first] ==> ignore
    arg [-headerpad_max_install_names] ==> ignore
    arg [-v] ==> ignore
    arg [CMakeFiles/cmTC_e53cd.dir/CMakeCCompilerABI.c.o] ==> ignore
    arg [-lSystem] ==> lib [System]
    arg [/Applications/Xcode.app/Contents/Developer/Toolchains/XcodeDefault.xctoolchain/usr/bin/../lib/clang/7.3.0/lib/darwin/libclang_rt.osx.a] ==> lib [/Applications/Xcode.app/Contents/Developer/Toolchains/XcodeDefault.xctoolchain/usr/bin/../lib/clang/7.3.0/lib/darwin/libclang_rt.osx.a]
  Library search paths: [;/usr/lib;/usr/local/lib]
  Framework search paths: [;/Library/Frameworks/;/System/Library/Frameworks/]
  remove lib [System]
  collapse lib [/Applications/Xcode.app/Contents/Developer/Toolchains/XcodeDefault.xctoolchain/usr/bin/../lib/clang/7.3.0/lib/darwin/libclang_rt.osx.a] ==> [/Applications/Xcode.app/Contents/Developer/Toolchains/XcodeDefault.xctoolchain/usr/lib/clang/7.3.0/lib/darwin/libclang_rt.osx.a]
  collapse library dir [/usr/lib] ==> [/usr/lib]
  collapse library dir [/usr/local/lib] ==> [/usr/local/lib]
  collapse framework dir [/Library/Frameworks/] ==> [/Library/Frameworks]
  collapse framework dir [/System/Library/Frameworks/] ==> [/System/Library/Frameworks]
  implicit libs: [/Applications/Xcode.app/Contents/Developer/Toolchains/XcodeDefault.xctoolchain/usr/lib/clang/7.3.0/lib/darwin/libclang_rt.osx.a]
  implicit dirs: [/usr/lib;/usr/local/lib]
  implicit fwks: [/Library/Frameworks;/System/Library/Frameworks]




Detecting C [-std=c11] compiler features compiled with the following output:
Change Dir: /Volumes/BNSWORKS/cloudedhazelnut/Dropbox/CLOUDEDHAZELNUT/Dev/node-link/build/CMakeFiles/CMakeTmp

Run Build Command:"/usr/bin/make" "cmTC_5e647/fast"
/Applications/Xcode.app/Contents/Developer/usr/bin/make -f CMakeFiles/cmTC_5e647.dir/build.make CMakeFiles/cmTC_5e647.dir/build
Building C object CMakeFiles/cmTC_5e647.dir/feature_tests.c.o
/Applications/Xcode.app/Contents/Developer/Toolchains/XcodeDefault.xctoolchain/usr/bin/cc   -std=c11 -o CMakeFiles/cmTC_5e647.dir/feature_tests.c.o   -c /Volumes/BNSWORKS/cloudedhazelnut/Dropbox/CLOUDEDHAZELNUT/Dev/node-link/build/CMakeFiles/feature_tests.c
Linking C executable cmTC_5e647
/Volumes/BNSWORKS/cloudedhazelnut/anaconda3/bin/cmake -E cmake_link_script CMakeFiles/cmTC_5e647.dir/link.txt --verbose=1
/Applications/Xcode.app/Contents/Developer/Toolchains/XcodeDefault.xctoolchain/usr/bin/cc    -Wl,-search_paths_first -Wl,-headerpad_max_install_names   CMakeFiles/cmTC_5e647.dir/feature_tests.c.o  -o cmTC_5e647  


    Feature record: C_FEATURE:1c_function_prototypes
    Feature record: C_FEATURE:1c_restrict
    Feature record: C_FEATURE:1c_static_assert
    Feature record: C_FEATURE:1c_variadic_macros


Detecting C [-std=c99] compiler features compiled with the following output:
Change Dir: /Volumes/BNSWORKS/cloudedhazelnut/Dropbox/CLOUDEDHAZELNUT/Dev/node-link/build/CMakeFiles/CMakeTmp

Run Build Command:"/usr/bin/make" "cmTC_47c06/fast"
/Applications/Xcode.app/Contents/Developer/usr/bin/make -f CMakeFiles/cmTC_47c06.dir/build.make CMakeFiles/cmTC_47c06.dir/build
Building C object CMakeFiles/cmTC_47c06.dir/feature_tests.c.o
/Applications/Xcode.app/Contents/Developer/Toolchains/XcodeDefault.xctoolchain/usr/bin/cc   -std=c99 -o CMakeFiles/cmTC_47c06.dir/feature_tests.c.o   -c /Volumes/BNSWORKS/cloudedhazelnut/Dropbox/CLOUDEDHAZELNUT/Dev/node-link/build/CMakeFiles/feature_tests.c
Linking C executable cmTC_47c06
/Volumes/BNSWORKS/cloudedhazelnut/anaconda3/bin/cmake -E cmake_link_script CMakeFiles/cmTC_47c06.dir/link.txt --verbose=1
/Applications/Xcode.app/Contents/Developer/Toolchains/XcodeDefault.xctoolchain/usr/bin/cc    -Wl,-search_paths_first -Wl,-headerpad_max_install_names   CMakeFiles/cmTC_47c06.dir/feature_tests.c.o  -o cmTC_47c06  


    Feature record: C_FEATURE:1c_function_prototypes
    Feature record: C_FEATURE:1c_restrict
    Feature record: C_FEATURE:0c_static_assert
    Feature record: C_FEATURE:1c_variadic_macros


Detecting C [-std=c90] compiler features compiled with the following output:
Change Dir: /Volumes/BNSWORKS/cloudedhazelnut/Dropbox/CLOUDEDHAZELNUT/Dev/node-link/build/CMakeFiles/CMakeTmp

Run Build Command:"/usr/bin/make" "cmTC_bbdfc/fast"
/Applications/Xcode.app/Contents/Developer/usr/bin/make -f CMakeFiles/cmTC_bbdfc.dir/build.make CMakeFiles/cmTC_bbdfc.dir/build
Building C object CMakeFiles/cmTC_bbdfc.dir/feature_tests.c.o
/Applications/Xcode.app/Contents/Developer/Toolchains/XcodeDefault.xctoolchain/usr/bin/cc   -std=c90 -o CMakeFiles/cmTC_bbdfc.dir/feature_tests.c.o   -c /Volumes/BNSWORKS/cloudedhazelnut/Dropbox/CLOUDEDHAZELNUT/Dev/node-link/build/CMakeFiles/feature_tests.c
Linking C executable cmTC_bbdfc
/Volumes/BNSWORKS/cloudedhazelnut/anaconda3/bin/cmake -E cmake_link_script CMakeFiles/cmTC_bbdfc.dir/link.txt --verbose=1
/Applications/Xcode.app/Contents/Developer/Toolchains/XcodeDefault.xctoolchain/usr/bin/cc    -Wl,-search_paths_first -Wl,-headerpad_max_install_names   CMakeFiles/cmTC_bbdfc.dir/feature_tests.c.o  -o cmTC_bbdfc  


    Feature record: C_FEATURE:1c_function_prototypes
    Feature record: C_FEATURE:0c_restrict
    Feature record: C_FEATURE:0c_static_assert
    Feature record: C_FEATURE:0c_variadic_macros
Determining if the CXX compiler works passed with the following output:
Change Dir: /Volumes/BNSWORKS/cloudedhazelnut/Dropbox/CLOUDEDHAZELNUT/Dev/node-link/build/CMakeFiles/CMakeTmp

Run Build Command:"/usr/bin/make" "cmTC_41f85/fast"
/Applications/Xcode.app/Contents/Developer/usr/bin/make -f CMakeFiles/cmTC_41f85.dir/build.make CMakeFiles/cmTC_41f85.dir/build
Building CXX object CMakeFiles/cmTC_41f85.dir/testCXXCompiler.cxx.o
/Applications/Xcode.app/Contents/Developer/Toolchains/XcodeDefault.xctoolchain/usr/bin/c++    -std=c++11 -D_DARWIN_USE_64_BIT_INODE=1 -D_LARGEFILE_SOURCE -D_FILE_OFFSET_BITS=64 -DBUILDING_NODE_EXTENSION -w    -o CMakeFiles/cmTC_41f85.dir/testCXXCompiler.cxx.o -c /Volumes/BNSWORKS/cloudedhazelnut/Dropbox/CLOUDEDHAZELNUT/Dev/node-link/build/CMakeFiles/CMakeTmp/testCXXCompiler.cxx
Linking CXX executable cmTC_41f85
/Volumes/BNSWORKS/cloudedhazelnut/anaconda3/bin/cmake -E cmake_link_script CMakeFiles/cmTC_41f85.dir/link.txt --verbose=1
/Applications/Xcode.app/Contents/Developer/Toolchains/XcodeDefault.xctoolchain/usr/bin/c++   -std=c++11 -D_DARWIN_USE_64_BIT_INODE=1 -D_LARGEFILE_SOURCE -D_FILE_OFFSET_BITS=64 -DBUILDING_NODE_EXTENSION -w  -Wl,-search_paths_first -Wl,-headerpad_max_install_names   CMakeFiles/cmTC_41f85.dir/testCXXCompiler.cxx.o  -o cmTC_41f85  


Detecting CXX compiler ABI info compiled with the following output:
Change Dir: /Volumes/BNSWORKS/cloudedhazelnut/Dropbox/CLOUDEDHAZELNUT/Dev/node-link/build/CMakeFiles/CMakeTmp

Run Build Command:"/usr/bin/make" "cmTC_06dc7/fast"
/Applications/Xcode.app/Contents/Developer/usr/bin/make -f CMakeFiles/cmTC_06dc7.dir/build.make CMakeFiles/cmTC_06dc7.dir/build
Building CXX object CMakeFiles/cmTC_06dc7.dir/CMakeCXXCompilerABI.cpp.o
/Applications/Xcode.app/Contents/Developer/Toolchains/XcodeDefault.xctoolchain/usr/bin/c++    -std=c++11 -D_DARWIN_USE_64_BIT_INODE=1 -D_LARGEFILE_SOURCE -D_FILE_OFFSET_BITS=64 -DBUILDING_NODE_EXTENSION -w    -o CMakeFiles/cmTC_06dc7.dir/CMakeCXXCompilerABI.cpp.o -c /Volumes/BNSWORKS/cloudedhazelnut/anaconda3/share/cmake-3.3/Modules/CMakeCXXCompilerABI.cpp
Linking CXX executable cmTC_06dc7
/Volumes/BNSWORKS/cloudedhazelnut/anaconda3/bin/cmake -E cmake_link_script CMakeFiles/cmTC_06dc7.dir/link.txt --verbose=1
/Applications/Xcode.app/Contents/Developer/Toolchains/XcodeDefault.xctoolchain/usr/bin/c++   -std=c++11 -D_DARWIN_USE_64_BIT_INODE=1 -D_LARGEFILE_SOURCE -D_FILE_OFFSET_BITS=64 -DBUILDING_NODE_EXTENSION -w  -Wl,-search_paths_first -Wl,-headerpad_max_install_names  -v -Wl,-v CMakeFiles/cmTC_06dc7.dir/CMakeCXXCompilerABI.cpp.o  -o cmTC_06dc7   
Apple LLVM version 7.3.0 (clang-703.0.29)
Target: x86_64-apple-darwin15.6.0
Thread model: posix
InstalledDir: /Applications/Xcode.app/Contents/Developer/Toolchains/XcodeDefault.xctoolchain/usr/bin
 "/Applications/Xcode.app/Contents/Developer/Toolchains/XcodeDefault.xctoolchain/usr/bin/ld" -demangle -dynamic -arch x86_64 -macosx_version_min 10.11.0 -w -o cmTC_06dc7 -search_paths_first -headerpad_max_install_names -v CMakeFiles/cmTC_06dc7.dir/CMakeCXXCompilerABI.cpp.o -lc++ -lSystem /Applications/Xcode.app/Contents/Developer/Toolchains/XcodeDefault.xctoolchain/usr/bin/../lib/clang/7.3.0/lib/darwin/libclang_rt.osx.a
@(#)PROGRAM:ld  PROJECT:ld64-264.3.101
configured to support archs: armv6 armv7 armv7s arm64 i386 x86_64 x86_64h armv6m armv7k armv7m armv7em (tvOS)
Library search paths:
	/usr/lib
	/usr/local/lib
Framework search paths:
	/Library/Frameworks/
	/System/Library/Frameworks/


Parsed CXX implicit link information from above output:
  link line regex: [^( *|.*[/\])(ld|([^/\]+-)?ld|collect2)[^/\]*( |$)]
  ignore line: [Change Dir: /Volumes/BNSWORKS/cloudedhazelnut/Dropbox/CLOUDEDHAZELNUT/Dev/node-link/build/CMakeFiles/CMakeTmp]
  ignore line: []
  ignore line: [Run Build Command:"/usr/bin/make" "cmTC_06dc7/fast"]
  ignore line: [/Applications/Xcode.app/Contents/Developer/usr/bin/make -f CMakeFiles/cmTC_06dc7.dir/build.make CMakeFiles/cmTC_06dc7.dir/build]
  ignore line: [Building CXX object CMakeFiles/cmTC_06dc7.dir/CMakeCXXCompilerABI.cpp.o]
  ignore line: [/Applications/Xcode.app/Contents/Developer/Toolchains/XcodeDefault.xctoolchain/usr/bin/c++    -std=c++11 -D_DARWIN_USE_64_BIT_INODE=1 -D_LARGEFILE_SOURCE -D_FILE_OFFSET_BITS=64 -DBUILDING_NODE_EXTENSION -w    -o CMakeFiles/cmTC_06dc7.dir/CMakeCXXCompilerABI.cpp.o -c /Volumes/BNSWORKS/cloudedhazelnut/anaconda3/share/cmake-3.3/Modules/CMakeCXXCompilerABI.cpp]
  ignore line: [Linking CXX executable cmTC_06dc7]
  ignore line: [/Volumes/BNSWORKS/cloudedhazelnut/anaconda3/bin/cmake -E cmake_link_script CMakeFiles/cmTC_06dc7.dir/link.txt --verbose=1]
  ignore line: [/Applications/Xcode.app/Contents/Developer/Toolchains/XcodeDefault.xctoolchain/usr/bin/c++   -std=c++11 -D_DARWIN_USE_64_BIT_INODE=1 -D_LARGEFILE_SOURCE -D_FILE_OFFSET_BITS=64 -DBUILDING_NODE_EXTENSION -w  -Wl,-search_paths_first -Wl,-headerpad_max_install_names  -v -Wl,-v CMakeFiles/cmTC_06dc7.dir/CMakeCXXCompilerABI.cpp.o  -o cmTC_06dc7   ]
  ignore line: [Apple LLVM version 7.3.0 (clang-703.0.29)]
  ignore line: [Target: x86_64-apple-darwin15.6.0]
  ignore line: [Thread model: posix]
  ignore line: [InstalledDir: /Applications/Xcode.app/Contents/Developer/Toolchains/XcodeDefault.xctoolchain/usr/bin]
  link line: [ "/Applications/Xcode.app/Contents/Developer/Toolchains/XcodeDefault.xctoolchain/usr/bin/ld" -demangle -dynamic -arch x86_64 -macosx_version_min 10.11.0 -w -o cmTC_06dc7 -search_paths_first -headerpad_max_install_names -v CMakeFiles/cmTC_06dc7.dir/CMakeCXXCompilerABI.cpp.o -lc++ -lSystem /Applications/Xcode.app/Contents/Developer/Toolchains/XcodeDefault.xctoolchain/usr/bin/../lib/clang/7.3.0/lib/darwin/libclang_rt.osx.a]
    arg [/Applications/Xcode.app/Contents/Developer/Toolchains/XcodeDefault.xctoolchain/usr/bin/ld] ==> ignore
    arg [-demangle] ==> ignore
    arg [-dynamic] ==> ignore
    arg [-arch] ==> ignore
    arg [x86_64] ==> ignore
    arg [-macosx_version_min] ==> ignore
    arg [10.11.0] ==> ignore
    arg [-w] ==> ignore
    arg [-o] ==> ignore
    arg [cmTC_06dc7] ==> ignore
    arg [-search_paths_first] ==> ignore
    arg [-headerpad_max_install_names] ==> ignore
    arg [-v] ==> ignore
    arg [CMakeFiles/cmTC_06dc7.dir/CMakeCXXCompilerABI.cpp.o] ==> ignore
    arg [-lc++] ==> lib [c++]
    arg [-lSystem] ==> lib [System]
    arg [/Applications/Xcode.app/Contents/Developer/Toolchains/XcodeDefault.xctoolchain/usr/bin/../lib/clang/7.3.0/lib/darwin/libclang_rt.osx.a] ==> lib [/Applications/Xcode.app/Contents/Developer/Toolchains/XcodeDefault.xctoolchain/usr/bin/../lib/clang/7.3.0/lib/darwin/libclang_rt.osx.a]
  Library search paths: [;/usr/lib;/usr/local/lib]
  Framework search paths: [;/Library/Frameworks/;/System/Library/Frameworks/]
  remove lib [System]
  collapse lib [/Applications/Xcode.app/Contents/Developer/Toolchains/XcodeDefault.xctoolchain/usr/bin/../lib/clang/7.3.0/lib/darwin/libclang_rt.osx.a] ==> [/Applications/Xcode.app/Contents/Developer/Toolchains/XcodeDefault.xctoolchain/usr/lib/clang/7.3.0/lib/darwin/libclang_rt.osx.a]
  collapse library dir [/usr/lib] ==> [/usr/lib]
  collapse library dir [/usr/local/lib] ==> [/usr/local/lib]
  collapse framework dir [/Library/Frameworks/] ==> [/Library/Frameworks]
  collapse framework dir [/System/Library/Frameworks/] ==> [/System/Library/Frameworks]
  implicit libs: [c++;/Applications/Xcode.app/Contents/Developer/Toolchains/XcodeDefault.xctoolchain/usr/lib/clang/7.3.0/lib/darwin/libclang_rt.osx.a]
  implicit dirs: [/usr/lib;/usr/local/lib]
  implicit fwks: [/Library/Frameworks;/System/Library/Frameworks]




Detecting CXX [-std=c++1y] compiler features compiled with the following output:
Change Dir: /Volumes/BNSWORKS/cloudedhazelnut/Dropbox/CLOUDEDHAZELNUT/Dev/node-link/build/CMakeFiles/CMakeTmp

Run Build Command:"/usr/bin/make" "cmTC_3131b/fast"
/Applications/Xcode.app/Contents/Developer/usr/bin/make -f CMakeFiles/cmTC_3131b.dir/build.make CMakeFiles/cmTC_3131b.dir/build
Building CXX object CMakeFiles/cmTC_3131b.dir/feature_tests.cxx.o
/Applications/Xcode.app/Contents/Developer/Toolchains/XcodeDefault.xctoolchain/usr/bin/c++    -std=c++11 -D_DARWIN_USE_64_BIT_INODE=1 -D_LARGEFILE_SOURCE -D_FILE_OFFSET_BITS=64 -DBUILDING_NODE_EXTENSION -w    -std=c++1y -o CMakeFiles/cmTC_3131b.dir/feature_tests.cxx.o -c /Volumes/BNSWORKS/cloudedhazelnut/Dropbox/CLOUDEDHAZELNUT/Dev/node-link/build/CMakeFiles/feature_tests.cxx
Linking CXX executable cmTC_3131b
/Volumes/BNSWORKS/cloudedhazelnut/anaconda3/bin/cmake -E cmake_link_script CMakeFiles/cmTC_3131b.dir/link.txt --verbose=1
/Applications/Xcode.app/Contents/Developer/Toolchains/XcodeDefault.xctoolchain/usr/bin/c++   -std=c++11 -D_DARWIN_USE_64_BIT_INODE=1 -D_LARGEFILE_SOURCE -D_FILE_OFFSET_BITS=64 -DBUILDING_NODE_EXTENSION -w  -Wl,-search_paths_first -Wl,-headerpad_max_install_names   CMakeFiles/cmTC_3131b.dir/feature_tests.cxx.o  -o cmTC_3131b  


    Feature record: CXX_FEATURE:1cxx_aggregate_default_initializers
    Feature record: CXX_FEATURE:1cxx_alias_templates
    Feature record: CXX_FEATURE:1cxx_alignas
    Feature record: CXX_FEATURE:1cxx_alignof
    Feature record: CXX_FEATURE:1cxx_attributes
    Feature record: CXX_FEATURE:1cxx_attribute_deprecated
    Feature record: CXX_FEATURE:1cxx_auto_type
    Feature record: CXX_FEATURE:1cxx_binary_literals
    Feature record: CXX_FEATURE:1cxx_constexpr
    Feature record: CXX_FEATURE:1cxx_contextual_conversions
    Feature record: CXX_FEATURE:1cxx_decltype
    Feature record: CXX_FEATURE:1cxx_decltype_auto
    Feature record: CXX_FEATURE:1cxx_decltype_incomplete_return_types
    Feature record: CXX_FEATURE:1cxx_default_function_template_args
    Feature record: CXX_FEATURE:1cxx_defaulted_functions
    Feature record: CXX_FEATURE:1cxx_defaulted_move_initializers
    Feature record: CXX_FEATURE:1cxx_delegating_constructors
    Feature record: CXX_FEATURE:1cxx_deleted_functions
    Feature record: CXX_FEATURE:1cxx_digit_separators
    Feature record: CXX_FEATURE:1cxx_enum_forward_declarations
    Feature record: CXX_FEATURE:1cxx_explicit_conversions
    Feature record: CXX_FEATURE:1cxx_extended_friend_declarations
    Feature record: CXX_FEATURE:1cxx_extern_templates
    Feature record: CXX_FEATURE:1cxx_final
    Feature record: CXX_FEATURE:1cxx_func_identifier
    Feature record: CXX_FEATURE:1cxx_generalized_initializers
    Feature record: CXX_FEATURE:1cxx_generic_lambdas
    Feature record: CXX_FEATURE:1cxx_inheriting_constructors
    Feature record: CXX_FEATURE:1cxx_inline_namespaces
    Feature record: CXX_FEATURE:1cxx_lambdas
    Feature record: CXX_FEATURE:1cxx_lambda_init_captures
    Feature record: CXX_FEATURE:1cxx_local_type_template_args
    Feature record: CXX_FEATURE:1cxx_long_long_type
    Feature record: CXX_FEATURE:1cxx_noexcept
    Feature record: CXX_FEATURE:1cxx_nonstatic_member_init
    Feature record: CXX_FEATURE:1cxx_nullptr
    Feature record: CXX_FEATURE:1cxx_override
    Feature record: CXX_FEATURE:1cxx_range_for
    Feature record: CXX_FEATURE:1cxx_raw_string_literals
    Feature record: CXX_FEATURE:1cxx_reference_qualified_functions
    Feature record: CXX_FEATURE:1cxx_relaxed_constexpr
    Feature record: CXX_FEATURE:1cxx_return_type_deduction
    Feature record: CXX_FEATURE:1cxx_right_angle_brackets
    Feature record: CXX_FEATURE:1cxx_rvalue_references
    Feature record: CXX_FEATURE:1cxx_sizeof_member
    Feature record: CXX_FEATURE:1cxx_static_assert
    Feature record: CXX_FEATURE:1cxx_strong_enums
    Feature record: CXX_FEATURE:1cxx_template_template_parameters
    Feature record: CXX_FEATURE:0cxx_thread_local
    Feature record: CXX_FEATURE:1cxx_trailing_return_types
    Feature record: CXX_FEATURE:1cxx_unicode_literals
    Feature record: CXX_FEATURE:1cxx_uniform_initialization
    Feature record: CXX_FEATURE:1cxx_unrestricted_unions
    Feature record: CXX_FEATURE:1cxx_user_literals
    Feature record: CXX_FEATURE:1cxx_variable_templates
    Feature record: CXX_FEATURE:1cxx_variadic_macros
    Feature record: CXX_FEATURE:1cxx_variadic_templates


Detecting CXX [-std=c++11] compiler features compiled with the following output:
Change Dir: /Volumes/BNSWORKS/cloudedhazelnut/Dropbox/CLOUDEDHAZELNUT/Dev/node-link/build/CMakeFiles/CMakeTmp

Run Build Command:"/usr/bin/make" "cmTC_c32d4/fast"
/Applications/Xcode.app/Contents/Developer/usr/bin/make -f CMakeFiles/cmTC_c32d4.dir/build.make CMakeFiles/cmTC_c32d4.dir/build
Building CXX object CMakeFiles/cmTC_c32d4.dir/feature_tests.cxx.o
/Applications/Xcode.app/Contents/Developer/Toolchains/XcodeDefault.xctoolchain/usr/bin/c++    -std=c++11 -D_DARWIN_USE_64_BIT_INODE=1 -D_LARGEFILE_SOURCE -D_FILE_OFFSET_BITS=64 -DBUILDING_NODE_EXTENSION -w    -std=c++11 -o CMakeFiles/cmTC_c32d4.dir/feature_tests.cxx.o -c /Volumes/BNSWORKS/cloudedhazelnut/Dropbox/CLOUDEDHAZELNUT/Dev/node-link/build/CMakeFiles/feature_tests.cxx
Linking CXX executable cmTC_c32d4
/Volumes/BNSWORKS/cloudedhazelnut/anaconda3/bin/cmake -E cmake_link_script CMakeFiles/cmTC_c32d4.dir/link.txt --verbose=1
/Applications/Xcode.app/Contents/Developer/Toolchains/XcodeDefault.xctoolchain/usr/bin/c++   -std=c++11 -D_DARWIN_USE_64_BIT_INODE=1 -D_LARGEFILE_SOURCE -D_FILE_OFFSET_BITS=64 -DBUILDING_NODE_EXTENSION -w  -Wl,-search_paths_first -Wl,-headerpad_max_install_names   CMakeFiles/cmTC_c32d4.dir/feature_tests.cxx.o  -o cmTC_c32d4  


    Feature record: CXX_FEATURE:0cxx_aggregate_default_initializers
    Feature record: CXX_FEATURE:1cxx_alias_templates
    Feature record: CXX_FEATURE:1cxx_alignas
    Feature record: CXX_FEATURE:1cxx_alignof
    Feature record: CXX_FEATURE:1cxx_attributes
    Feature record: CXX_FEATURE:0cxx_attribute_deprecated
    Feature record: CXX_FEATURE:1cxx_auto_type
    Feature record: CXX_FEATURE:0cxx_binary_literals
    Feature record: CXX_FEATURE:1cxx_constexpr
    Feature record: CXX_FEATURE:0cxx_contextual_conversions
    Feature record: CXX_FEATURE:1cxx_decltype
    Feature record: CXX_FEATURE:0cxx_decltype_auto
    Feature record: CXX_FEATURE:1cxx_decltype_incomplete_return_types
    Feature record: CXX_FEATURE:1cxx_default_function_template_args
    Feature record: CXX_FEATURE:1cxx_defaulted_functions
    Feature record: CXX_FEATURE:1cxx_defaulted_move_initializers
    Feature record: CXX_FEATURE:1cxx_delegating_constructors
    Feature record: CXX_FEATURE:1cxx_deleted_functions
    Feature record: CXX_FEATURE:0cxx_digit_separators
    Feature record: CXX_FEATURE:1cxx_enum_forward_declarations
    Feature record: CXX_FEATURE:1cxx_explicit_conversions
    Feature record: CXX_FEATURE:1cxx_extended_friend_declarations
    Feature record: CXX_FEATURE:1cxx_extern_templates
    Feature record: CXX_FEATURE:1cxx_final
    Feature record: CXX_FEATURE:1cxx_func_identifier
    Feature record: CXX_FEATURE:1cxx_generalized_initializers
    Feature record: CXX_FEATURE:0cxx_generic_lambdas
    Feature record: CXX_FEATURE:1cxx_inheriting_constructors
    Feature record: CXX_FEATURE:1cxx_inline_namespaces
    Feature record: CXX_FEATURE:1cxx_lambdas
    Feature record: CXX_FEATURE:0cxx_lambda_init_captures
    Feature record: CXX_FEATURE:1cxx_local_type_template_args
    Feature record: CXX_FEATURE:1cxx_long_long_type
    Feature record: CXX_FEATURE:1cxx_noexcept
    Feature record: CXX_FEATURE:1cxx_nonstatic_member_init
    Feature record: CXX_FEATURE:1cxx_nullptr
    Feature record: CXX_FEATURE:1cxx_override
    Feature record: CXX_FEATURE:1cxx_range_for
    Feature record: CXX_FEATURE:1cxx_raw_string_literals
    Feature record: CXX_FEATURE:1cxx_reference_qualified_functions
    Feature record: CXX_FEATURE:0cxx_relaxed_constexpr
    Feature record: CXX_FEATURE:0cxx_return_type_deduction
    Feature record: CXX_FEATURE:1cxx_right_angle_brackets
    Feature record: CXX_FEATURE:1cxx_rvalue_references
    Feature record: CXX_FEATURE:1cxx_sizeof_member
    Feature record: CXX_FEATURE:1cxx_static_assert
    Feature record: CXX_FEATURE:1cxx_strong_enums
    Feature record: CXX_FEATURE:1cxx_template_template_parameters
    Feature record: CXX_FEATURE:0cxx_thread_local
    Feature record: CXX_FEATURE:1cxx_trailing_return_types
    Feature record: CXX_FEATURE:1cxx_unicode_literals
    Feature record: CXX_FEATURE:1cxx_uniform_initialization
    Feature record: CXX_FEATURE:1cxx_unrestricted_unions
    Feature record: CXX_FEATURE:1cxx_user_literals
    Feature record: CXX_FEATURE:0cxx_variable_templates
    Feature record: CXX_FEATURE:1cxx_variadic_macros
    Feature record: CXX_FEATURE:1cxx_variadic_templates


Detecting CXX [-std=c++98] compiler features compiled with the following output:
Change Dir: /Volumes/BNSWORKS/cloudedhazelnut/Dropbox/CLOUDEDHAZELNUT/Dev/node-link/build/CMakeFiles/CMakeTmp

Run Build Command:"/usr/bin/make" "cmTC_07b68/fast"
/Applications/Xcode.app/Contents/Developer/usr/bin/make -f CMakeFiles/cmTC_07b68.dir/build.make CMakeFiles/cmTC_07b68.dir/build
Building CXX object CMakeFiles/cmTC_07b68.dir/feature_tests.cxx.o
/Applications/Xcode.app/Contents/Developer/Toolchains/XcodeDefault.xctoolchain/usr/bin/c++    -std=c++11 -D_DARWIN_USE_64_BIT_INODE=1 -D_LARGEFILE_SOURCE -D_FILE_OFFSET_BITS=64 -DBUILDING_NODE_EXTENSION -w    -std=c++98 -o CMakeFiles/cmTC_07b68.dir/feature_tests.cxx.o -c /Volumes/BNSWORKS/cloudedhazelnut/Dropbox/CLOUDEDHAZELNUT/Dev/node-link/build/CMakeFiles/feature_tests.cxx
Linking CXX executable cmTC_07b68
/Volumes/BNSWORKS/cloudedhazelnut/anaconda3/bin/cmake -E cmake_link_script CMakeFiles/cmTC_07b68.dir/link.txt --verbose=1
/Applications/Xcode.app/Contents/Developer/Toolchains/XcodeDefault.xctoolchain/usr/bin/c++   -std=c++11 -D_DARWIN_USE_64_BIT_INODE=1 -D_LARGEFILE_SOURCE -D_FILE_OFFSET_BITS=64 -DBUILDING_NODE_EXTENSION -w  -Wl,-search_paths_first -Wl,-headerpad_max_install_names   CMakeFiles/cmTC_07b68.dir/feature_tests.cxx.o  -o cmTC_07b68  


    Feature record: CXX_FEATURE:0cxx_aggregate_default_initializers
    Feature record: CXX_FEATURE:0cxx_alias_templates
    Feature record: CXX_FEATURE:0cxx_alignas
    Feature record: CXX_FEATURE:0cxx_alignof
    Feature record: CXX_FEATURE:0cxx_attributes
    Feature record: CXX_FEATURE:0cxx_attribute_deprecated
    Feature record: CXX_FEATURE:0cxx_auto_type
    Feature record: CXX_FEATURE:0cxx_binary_literals
    Feature record: CXX_FEATURE:0cxx_constexpr
    Feature record: CXX_FEATURE:0cxx_contextual_conversions
    Feature record: CXX_FEATURE:0cxx_decltype
    Feature record: CXX_FEATURE:0cxx_decltype_auto
    Feature record: CXX_FEATURE:0cxx_decltype_incomplete_return_types
    Feature record: CXX_FEATURE:0cxx_default_function_template_args
    Feature record: CXX_FEATURE:0cxx_defaulted_functions
    Feature record: CXX_FEATURE:0cxx_defaulted_move_initializers
    Feature record: CXX_FEATURE:0cxx_delegating_constructors
    Feature record: CXX_FEATURE:0cxx_deleted_functions
    Feature record: CXX_FEATURE:0cxx_digit_separators
    Feature record: CXX_FEATURE:0cxx_enum_forward_declarations
    Feature record: CXX_FEATURE:0cxx_explicit_conversions
    Feature record: CXX_FEATURE:0cxx_extended_friend_declarations
    Feature record: CXX_FEATURE:0cxx_extern_templates
    Feature record: CXX_FEATURE:0cxx_final
    Feature record: CXX_FEATURE:0cxx_func_identifier
    Feature record: CXX_FEATURE:0cxx_generalized_initializers
    Feature record: CXX_FEATURE:0cxx_generic_lambdas
    Feature record: CXX_FEATURE:0cxx_inheriting_constructors
    Feature record: CXX_FEATURE:0cxx_inline_namespaces
    Feature record: CXX_FEATURE:0cxx_lambdas
    Feature record: CXX_FEATURE:0cxx_lambda_init_captures
    Feature record: CXX_FEATURE:0cxx_local_type_template_args
    Feature record: CXX_FEATURE:0cxx_long_long_type
    Feature record: CXX_FEATURE:0cxx_noexcept
    Feature record: CXX_FEATURE:0cxx_nonstatic_member_init
    Feature record: CXX_FEATURE:0cxx_nullptr
    Feature record: CXX_FEATURE:0cxx_override
    Feature record: CXX_FEATURE:0cxx_range_for
    Feature record: CXX_FEATURE:0cxx_raw_string_literals
    Feature record: CXX_FEATURE:0cxx_reference_qualified_functions
    Feature record: CXX_FEATURE:0cxx_relaxed_constexpr
    Feature record: CXX_FEATURE:0cxx_return_type_deduction
    Feature record: CXX_FEATURE:0cxx_right_angle_brackets
    Feature record: CXX_FEATURE:0cxx_rvalue_references
    Feature record: CXX_FEATURE:0cxx_sizeof_member
    Feature record: CXX_FEATURE:0cxx_static_assert
    Feature record: CXX_FEATURE:0cxx_strong_enums
    Feature record: CXX_FEATURE:1cxx_template_template_parameters
    Feature record: CXX_FEATURE:0cxx_thread_local
    Feature record: CXX_FEATURE:0cxx_trailing_return_types
    Feature record: CXX_FEATURE:0cxx_unicode_literals
    Feature record: CXX_FEATURE:0cxx_uniform_initialization
    Feature record: CXX_FEATURE:0cxx_unrestricted_unions
    Feature record: CXX_FEATURE:0cxx_user_literals
    Feature record: CXX_FEATURE:0cxx_variable_templates
    Feature record: CXX_FEATURE:0cxx_variadic_macros
    Feature record: CXX_FEATURE:0cxx_variadic_templates
